<?xml version="1.0" encoding="UTF-8"?>
<testsuite xmlns:xsi="http://www.w3.org/2001/XMLSchema-instance" xsi:noNamespaceSchemaLocation="https://maven.apache.org/surefire/maven-surefire-plugin/xsd/surefire-test-report-3.0.xsd" version="3.0" name="com.denisg.perfectnumber.PerfectnumberApplicationTests" time="5.744" tests="1" errors="0" skipped="0" failures="0">
  <properties>
[...]
</properties>
  <testcase name="contextLoads" classname="com.denisg.perfectnumber.PerfectnumberApplicationTests" time="1.528">
    <system-out><![CDATA[07:11:54.731 [main] INFO org.springframework.test.context.support.AnnotationConfigContextLoaderUtils -- Could not detect default configuration classes for test class [com.denisg.perfectnumber.PerfectnumberApplicationTests]: PerfectnumberApplicationTests does not declare any static, non-private, non-final, nested classes annotated with @Configuration.
07:11:54.924 [main] INFO org.springframework.boot.test.context.SpringBootTestContextBootstrapper -- Found @SpringBootConfiguration com.denisg.perfectnumber.PerfectnumberApplication for test class com.denisg.perfectnumber.PerfectnumberApplicationTests

  .   ____          _            __ _ _
 /\\ / ___'_ __ _ _(_)_ __  __ _ \ \ \ \
( ( )\___ | '_ | '_| | '_ \/ _` | \ \ \ \
 \\/  ___)| |_)| | | | | || (_| |  ) ) ) )
  '  |____| .__|_| |_|_| |_\__, | / / / /
 =========|_|==============|___/=/_/_/_/
 :: Spring Boot ::                (v3.2.0)

2023-12-14T07:11:55.732-03:00  INFO 5581 --- [           main] c.d.p.PerfectnumberApplicationTests      : Starting PerfectnumberApplicationTests using Java 17.0.9 with PID 5581 (started by denis in /home/denis/Workspace/perfectnumber)
2023-12-14T07:11:55.736-03:00  INFO 5581 --- [           main] c.d.p.PerfectnumberApplicationTests      : No active profile set, falling back to 1 default profile: "default"
2023-12-14T07:11:58.587-03:00  INFO 5581 --- [           main] c.d.p.PerfectnumberApplicationTests      : Started PerfectnumberApplicationTests in 3.448 seconds (process running for 5.82)
]]></system-out>
  </testcase>
</testsuite>